2025-08-17 21:11:12 - WARNING - WS disconnect detected. Restarting...
2025-08-17 21:11:17 - WARNING - WS disconnect detected. Restarting...
2025-08-17 21:11:22 - WARNING - WS disconnect detected. Restarting...
2025-08-17 21:11:27 - WARNING - WS disconnect detected. Restarting...
2025-08-17 21:11:32 - WARNING - WS disconnect detected. Restarting...
2025-08-17 21:11:37 - WARNING - WS disconnect detected. Restarting...
2025-08-17 21:11:42 - WARNING - WS disconnect detected. Restarting...
2025-08-17 21:11:47 - WARNING - WS disconnect detected. Restarting...
2025-08-17 21:11:52 - WARNING - WS disconnect detected. Restarting...
2025-08-17 21:11:57 - WARNING - WS disconnect detected. Restarting...
2025-08-17 21:12:02 - WARNING - WS disconnect detected. Restarting...
2025-08-17 21:12:07 - WARNING - WS disconnect detected. Restarting...
2025-08-17 21:12:12 - WARNING - WS disconnect detected. Restarting...
2025-08-17 21:12:17 - WARNING - WS disconnect detected. Restarting...
2025-08-17 21:12:22 - WARNING - WS disconnect detected. Restarting...
2025-08-17 21:12:27 - WARNING - WS disconnect detected. Restarting...
2025-08-17 21:12:32 - WARNING - WS disconnect detected. Restarting...
2025-08-17 21:12:37 - WARNING - WS disconnect detected. Restarting...
2025-08-18 10:24:07 - WARNING - WS disconnect detected. Restarting...
2025-08-18 10:24:12 - WARNING - WS disconnect detected. Restarting...
2025-08-18 10:24:17 - WARNING - WS disconnect detected. Restarting...
2025-08-18 10:24:22 - WARNING - WS disconnect detected. Restarting...
2025-08-18 10:24:27 - WARNING - WS disconnect detected. Restarting...
2025-08-18 10:24:32 - WARNING - WS disconnect detected. Restarting...
2025-08-18 10:24:37 - WARNING - WS disconnect detected. Restarting...
2025-08-18 10:24:42 - WARNING - WS disconnect detected. Restarting...
2025-08-18 10:24:47 - WARNING - WS disconnect detected. Restarting...
2025-08-18 10:24:52 - WARNING - WS disconnect detected. Restarting...
2025-08-18 10:24:57 - WARNING - WS disconnect detected. Restarting...
2025-08-18 10:25:02 - WARNING - WS disconnect detected. Restarting...
2025-08-18 10:25:07 - WARNING - WS disconnect detected. Restarting...
2025-08-18 10:25:12 - WARNING - WS disconnect detected. Restarting...
2025-08-18 10:25:17 - WARNING - WS disconnect detected. Restarting...
2025-08-18 10:25:22 - WARNING - WS disconnect detected. Restarting...
2025-08-18 10:25:27 - WARNING - WS disconnect detected. Restarting...
2025-08-18 10:25:32 - WARNING - WS disconnect detected. Restarting...
2025-08-18 10:40:22 - WARNING - WS disconnect detected. Restarting...
2025-08-18 10:40:27 - WARNING - WS disconnect detected. Restarting...
2025-08-18 10:40:32 - WARNING - WS disconnect detected. Restarting...
2025-08-18 10:40:37 - WARNING - WS disconnect detected. Restarting...
2025-08-18 10:40:42 - WARNING - WS disconnect detected. Restarting...
2025-08-18 10:40:47 - WARNING - WS disconnect detected. Restarting...
2025-08-18 10:40:52 - WARNING - WS disconnect detected. Restarting...
2025-08-18 10:40:57 - WARNING - WS disconnect detected. Restarting...
2025-08-18 10:41:02 - WARNING - WS disconnect detected. Restarting...
2025-08-18 10:41:07 - WARNING - WS disconnect detected. Restarting...
2025-08-18 10:41:12 - WARNING - WS disconnect detected. Restarting...
2025-08-18 10:41:17 - WARNING - WS disconnect detected. Restarting...
2025-08-18 10:41:22 - WARNING - WS disconnect detected. Restarting...
2025-08-18 10:41:27 - WARNING - WS disconnect detected. Restarting...
2025-08-18 10:41:32 - WARNING - WS disconnect detected. Restarting...
2025-08-18 10:41:37 - WARNING - WS disconnect detected. Restarting...
2025-08-18 10:41:42 - WARNING - WS disconnect detected. Restarting...
2025-08-18 10:41:47 - WARNING - WS disconnect detected. Restarting...
2025-08-18 10:41:52 - WARNING - WS disconnect detected. Restarting...
2025-08-18 10:41:57 - WARNING - WS disconnect detected. Restarting...
2025-08-18 10:42:02 - WARNING - WS disconnect detected. Restarting...
2025-08-18 10:42:07 - WARNING - WS disconnect detected. Restarting...
2025-08-18 10:42:12 - WARNING - WS disconnect detected. Restarting...
2025-08-18 10:42:17 - WARNING - WS disconnect detected. Restarting...
2025-08-18 10:42:22 - WARNING - WS disconnect detected. Restarting...
2025-08-18 10:42:27 - WARNING - WS disconnect detected. Restarting...
2025-08-18 10:42:32 - WARNING - WS disconnect detected. Restarting...
2025-08-18 10:42:37 - WARNING - WS disconnect detected. Restarting...
2025-08-18 10:42:42 - WARNING - WS disconnect detected. Restarting...
2025-08-18 10:42:47 - WARNING - WS disconnect detected. Restarting...
2025-08-18 10:58:48 - WARNING - WS disconnect detected. Restarting...
2025-08-18 11:06:17 - WARNING - WS disconnect detected. Restarting...
2025-08-18 11:06:17 - WARNING - Initiating hard recovery...
2025-08-18 11:07:59 - WARNING - WS disconnect detected. Restarting...
2025-08-18 11:07:59 - WARNING - Initiating hard recovery...
2025-08-18 11:17:33 - WARNING - WS disconnect detected. Restarting...
2025-08-18 11:17:33 - WARNING - Initiating hard recovery...
2025-08-18 11:24:26 - WARNING - WS disconnect detected. Restarting...
2025-08-18 11:24:26 - WARNING - Initiating hard recovery...
2025-08-18 12:09:03 - WARNING - True WS disconnect detected. Restarting...
2025-08-18 12:09:03 - WARNING - Initiating hard recovery...
2025-08-18 12:57:11 - WARNING - True WS disconnect detected. Restarting...
2025-08-18 12:57:11 - WARNING - Initiating hard recovery...
2025-08-18 13:00:34 - WARNING - WS disconnect detected. Restarting...
2025-08-18 13:00:34 - WARNING - Initiating hard recovery...
2025-08-18 15:56:37 - ERROR - WebSocket error: Connection to remote host was lost.
2025-08-18 15:57:51 - ERROR - WebSocket error: Connection to remote host was lost.
2025-08-18 16:02:09 - ERROR - WebSocket error: Connection to remote host was lost.
2025-08-18 16:02:14 - ERROR - WebSocket error: [Errno 11002] getaddrinfo failed
2025-08-18 16:02:24 - ERROR - WebSocket error: [Errno 11002] getaddrinfo failed
2025-08-18 16:02:44 - ERROR - WebSocket error: [Errno 11002] getaddrinfo failed
2025-08-18 16:03:24 - ERROR - WebSocket error: [Errno 11002] getaddrinfo failed
2025-08-18 16:04:24 - ERROR - WebSocket error: [Errno 11002] getaddrinfo failed
2025-08-19 08:03:25 - WARNING - WS disconnect detected. Restarting...
2025-08-19 08:03:25 - WARNING - Initiating hard recovery...
2025-08-19 15:12:11 - ERROR - WebSocket error: Connection to remote host was lost.
2025-08-19 18:06:21 - ERROR - WebSocket error: Connection to remote host was lost.
2025-08-20 08:01:27 - WARNING - WS disconnect detected. Restarting...
2025-08-20 08:01:27 - WARNING - Initiating hard recovery...
